<?xml version="1.0" encoding="UTF-8"?>
<!-- Generated by org.testng.reporters.JUnitReportReporter -->
<testsuite hostname="DESKTOP-K41M44F" failures="0" tests="2" name="Ditinteractive.CareersPage" time="64.323" errors="0" timestamp="2024-12-02T10:36:06 IST" skipped="0">
  <testcase classname="Ditinteractive.CareersPage" name="navigateToWebsite" time="31.366"/>
  <testcase classname="Ditinteractive.CareersPage" name="navigateToCareersPage" time="32.957"/>
</testsuite> <!-- Ditinteractive.CareersPage -->
