<?xml version="1.0" encoding="UTF-8"?>
<!-- Generated by org.testng.reporters.JUnitReportReporter -->
<testsuite hostname="DESKTOP-K41M44F" failures="0" tests="2" name="Ditinteractive.HomePage" time="30.628" errors="0" timestamp="2024-12-02T10:36:06 IST" skipped="0">
  <testcase classname="Ditinteractive.HomePage" name="navigateToWebsite" time="28.302"/>
  <testcase classname="Ditinteractive.HomePage" name="testCart" time="2.326"/>
</testsuite> <!-- Ditinteractive.HomePage -->
