<?xml version="1.0" encoding="UTF-8"?>
<!-- Generated by org.testng.reporters.JUnitReportReporter -->
<testsuite hostname="DESKTOP-K41M44F" failures="0" tests="2" name="Ditinteractive.About" time="47.875" errors="0" timestamp="2024-12-02T10:36:06 IST" skipped="0">
  <testcase classname="Ditinteractive.About" name="navigateToWebsite" time="2.080"/>
  <testcase classname="Ditinteractive.About" name="navigateToAboutPage" time="45.795"/>
</testsuite> <!-- Ditinteractive.About -->
