<?xml version="1.0" encoding="UTF-8"?>
<!-- Generated by org.testng.reporters.JUnitReportReporter -->
<testsuite hostname="DESKTOP-K41M44F" failures="0" tests="11" name="Ditinteractive.NewsPage" time="173.332" errors="0" timestamp="2024-12-02T10:36:06 IST" skipped="0">
  <testcase classname="Ditinteractive.NewsPage" name="navigateToWebsite" time="1.796"/>
  <testcase classname="Ditinteractive.NewsPage" name="ShopifyPage" time="34.870"/>
  <testcase classname="Ditinteractive.NewsPage" name="BigcommercePage" time="15.073"/>
  <testcase classname="Ditinteractive.NewsPage" name="EcommercePage" time="15.537"/>
  <testcase classname="Ditinteractive.NewsPage" name="WordPressPage" time="15.089"/>
  <testcase classname="Ditinteractive.NewsPage" name="MagentoPage" time="8.975"/>
  <testcase classname="Ditinteractive.NewsPage" name="ReactJSPage" time="7.513"/>
  <testcase classname="Ditinteractive.NewsPage" name="BlogPage" time="22.716"/>
  <testcase classname="Ditinteractive.NewsPage" name="BlogPage1" time="17.218"/>
  <testcase classname="Ditinteractive.NewsPage" name="BlogPage2" time="15.398"/>
  <testcase classname="Ditinteractive.NewsPage" name="BlogPage3" time="19.147"/>
</testsuite> <!-- Ditinteractive.NewsPage -->
