<?xml version="1.0" encoding="UTF-8"?>
<!-- Generated by org.testng.reporters.JUnitReportReporter -->
<testsuite hostname="DESKTOP-K41M44F" failures="0" tests="20" name="Ditinteractive.ServicePage" time="645.908" errors="0" timestamp="2024-12-02T10:36:06 IST" skipped="0">
  <testcase classname="Ditinteractive.ServicePage" name="navigateToWebsite" time="2.544"/>
  <testcase classname="Ditinteractive.ServicePage" name="BigcommercePage" time="35.621"/>
  <testcase classname="Ditinteractive.ServicePage" name="MagentoPage" time="39.564"/>
  <testcase classname="Ditinteractive.ServicePage" name="ShopifyPage" time="40.311"/>
  <testcase classname="Ditinteractive.ServicePage" name="WoocommercePage" time="38.525"/>
  <testcase classname="Ditinteractive.ServicePage" name="NodeJSPage" time="35.431"/>
  <testcase classname="Ditinteractive.ServicePage" name="FrontendPage" time="28.042"/>
  <testcase classname="Ditinteractive.ServicePage" name="ReactJSPage" time="31.726"/>
  <testcase classname="Ditinteractive.ServicePage" name="wordpressPage" time="27.504"/>
  <testcase classname="Ditinteractive.ServicePage" name="BrandingdesignPage" time="34.978"/>
  <testcase classname="Ditinteractive.ServicePage" name="LogodesignPage" time="38.702"/>
  <testcase classname="Ditinteractive.ServicePage" name="UIUXdesignPage" time="33.007"/>
  <testcase classname="Ditinteractive.ServicePage" name="MobileAppdesignPage" time="29.366"/>
  <testcase classname="Ditinteractive.ServicePage" name="EcommercedesignPage" time="28.913"/>
  <testcase classname="Ditinteractive.ServicePage" name="ContentMarketingPage" time="32.758"/>
  <testcase classname="Ditinteractive.ServicePage" name="LandingpageDesigning" time="33.384"/>
  <testcase classname="Ditinteractive.ServicePage" name="PPCPage" time="32.131"/>
  <testcase classname="Ditinteractive.ServicePage" name="SEOPage" time="33.329"/>
  <testcase classname="Ditinteractive.ServicePage" name="SocialMediaMarketingPage" time="34.837"/>
  <testcase classname="Ditinteractive.ServicePage" name="CROPage" time="35.235"/>
</testsuite> <!-- Ditinteractive.ServicePage -->
