<?xml version="1.0" encoding="UTF-8"?>
<!-- Generated by org.testng.reporters.JUnitReportReporter -->
<testsuite hostname="DESKTOP-K41M44F" failures="0" tests="6" name="Ditinteractive.OurworkPage" time="177.069" errors="0" timestamp="2024-12-02T10:36:06 IST" skipped="0">
  <testcase classname="Ditinteractive.OurworkPage" name="navigateToWebsite" time="15.971"/>
  <testcase classname="Ditinteractive.OurworkPage" name="OurWorkPage" time="41.686"/>
  <testcase classname="Ditinteractive.OurworkPage" name="SanciaPage" time="30.399"/>
  <testcase classname="Ditinteractive.OurworkPage" name="AlchemixPage" time="27.217"/>
  <testcase classname="Ditinteractive.OurworkPage" name="CaratKingsJewellersPage" time="32.067"/>
  <testcase classname="Ditinteractive.OurworkPage" name="KKLifestylePage" time="29.729"/>
</testsuite> <!-- Ditinteractive.OurworkPage -->
