<?xml version="1.0" encoding="UTF-8"?>
<!-- Generated by org.testng.reporters.JUnitReportReporter -->
<testsuite hostname="DESKTOP-K41M44F" failures="0" tests="2" name="Ditinteractive.ThemesPage" time="49.751" errors="0" timestamp="2024-12-02T10:36:06 IST" skipped="0">
  <testcase classname="Ditinteractive.ThemesPage" name="navigateToWebsite" time="17.418"/>
  <testcase classname="Ditinteractive.ThemesPage" name="navigateToThemesPage" time="32.333"/>
</testsuite> <!-- Ditinteractive.ThemesPage -->
